Run pnpm semantic-release
[4:12:55 AM] [semantic-release] â€º â„¹  Running semantic-release version 24.2.6
[4:12:55 AM] [semantic-release] â€º âœ”  Loaded plugin "verifyConditions" from "@semantic-release/changelog"
[4:12:55 AM] [semantic-release] â€º âœ”  Loaded plugin "verifyConditions" from "@semantic-release/npm"
[4:12:55 AM] [semantic-release] â€º âœ”  Loaded plugin "verifyConditions" from "@semantic-release/git"
[4:12:55 AM] [semantic-release] â€º âœ”  Loaded plugin "analyzeCommits" from "@semantic-release/commit-analyzer"
[4:12:55 AM] [semantic-release] â€º âœ”  Loaded plugin "generateNotes" from "@semantic-release/release-notes-generator"
[4:12:55 AM] [semantic-release] â€º âœ”  Loaded plugin "prepare" from "@semantic-release/changelog"
[4:12:55 AM] [semantic-release] â€º âœ”  Loaded plugin "prepare" from "@semantic-release/npm"
[4:12:55 AM] [semantic-release] â€º âœ”  Loaded plugin "prepare" from "@semantic-release/git"
[4:12:55 AM] [semantic-release] â€º âœ”  Loaded plugin "publish" from "@semantic-release/npm"
[4:12:55 AM] [semantic-release] â€º âœ”  Loaded plugin "addChannel" from "@semantic-release/npm"
[4:12:56 AM] [semantic-release] â€º âœ”  Run automated release from branch main on repository https://github.com/nanotime/http-plz
[4:12:56 AM] [semantic-release] â€º âœ”  Allowed to push to the Git repository
[4:12:56 AM] [semantic-release] â€º â„¹  Start step "verifyConditions" of plugin "@semantic-release/changelog"
[4:12:56 AM] [semantic-release] â€º âœ”  Completed step "verifyConditions" of plugin "@semantic-release/changelog"
[4:12:56 AM] [semantic-release] â€º â„¹  Start step "verifyConditions" of plugin "@semantic-release/npm"
[4:12:56 AM] [semantic-release] [@semantic-release/npm] â€º â„¹  Verify authentication for registry https://registry.npmjs.org/
[4:12:56 AM] [semantic-release] [@semantic-release/npm] â€º â„¹  Wrote NPM_TOKEN to /tmp/5cc2d0813808a08c3c47424d1c39ded4/.npmrc
nanotime
[4:12:57 AM] [semantic-release] â€º âœ”  Completed step "verifyConditions" of plugin "@semantic-release/npm"
[4:12:57 AM] [semantic-release] â€º â„¹  Start step "verifyConditions" of plugin "@semantic-release/git"
[4:12:57 AM] [semantic-release] â€º âœ”  Completed step "verifyConditions" of plugin "@semantic-release/git"
[4:12:57 AM] [semantic-release] â€º â„¹  Found git tag v1.1.0 associated with version 1.1.0 on branch main
[4:12:57 AM] [semantic-release] â€º â„¹  Found 8 commits since last release
[4:12:57 AM] [semantic-release] â€º â„¹  Start step "analyzeCommits" of plugin "@semantic-release/commit-analyzer"
[4:12:57 AM] [semantic-release] [@semantic-release/commit-analyzer] â€º â„¹  Analyzing commit: chore(release): trigger release [release]
[4:12:57 AM] [semantic-release] [@semantic-release/commit-analyzer] â€º â„¹  The commit should not trigger a release
[4:12:57 AM] [semantic-release] [@semantic-release/commit-analyzer] â€º â„¹  Analyzing commit: chore: fixed token permission
[4:12:57 AM] [semantic-release] [@semantic-release/commit-analyzer] â€º â„¹  The commit should not trigger a release
[4:12:57 AM] [semantic-release] [@semantic-release/commit-analyzer] â€º â„¹  Analyzing commit: chore(release): 1.1.1

[release]
[4:12:57 AM] [semantic-release] [@semantic-release/commit-analyzer] â€º â„¹  The commit should not trigger a release
[4:12:57 AM] [semantic-release] [@semantic-release/commit-analyzer] â€º â„¹  Analyzing commit: fix(utils): handle ArrayBuffer views in processBody

Updated the \`processBody\` function to correctly handle \`ArrayBuffer\` views.

Previously, \`ArrayBuffer\` views were not being correctly identified, causing them to be stringified as JSON. This change adds a specific check for \`ArrayBuffer.isView\` to ensure they are passed through as-is.
[4:12:57 AM] [semantic-release] [@semantic-release/commit-analyzer] â€º â„¹  The release type for the commit is patch
[4:12:57 AM] [semantic-release] [@semantic-release/commit-analyzer] â€º â„¹  Analyzing commit: fix(core): ensure response body is not consumed by middlewares

Refactored the request function to prevent response middlewares from consuming the response body.

Previously, if a middleware read the response body, it would be consumed and unavailable for subsequent middlewares or the final resolver.

This change introduces a Proxy to intercept \`body\` and \`bodyUsed\` properties, ensuring the original response body is always available. The middlewares now operate on a clone of the response, and their modifications are merged into the final response.
[4:12:57 AM] [semantic-release] [@semantic-release/commit-analyzer] â€º â„¹  The release type for the commit is patch
[4:12:57 AM] [semantic-release] [@semantic-release/commit-analyzer] â€º â„¹  Analyzing commit: docs: update contribution and release process

Updated the GEMINI.md and README.md to reflect the new contribution guidelines and the automated release process.

The release.yml workflow was also updated to trigger on commits containing '[release]' in the message body.
[4:12:57 AM] [semantic-release] [@semantic-release/commit-analyzer] â€º â„¹  The commit should not trigger a release
[4:12:57 AM] [semantic-release] [@semantic-release/commit-analyzer] â€º â„¹  Analyzing commit: docs: update contribution and release process

Updated the GEMINI.md and README.md to reflect the new contribution guidelines and the automated release process.
[4:12:57 AM] [semantic-release] [@semantic-release/commit-analyzer] â€º â„¹  The commit should not trigger a release
[4:12:57 AM] [semantic-release] [@semantic-release/commit-analyzer] â€º â„¹  Analyzing commit: chore: added IA memory
[4:12:57 AM] [semantic-release] [@semantic-release/commit-analyzer] â€º â„¹  The commit should not trigger a release
[4:12:57 AM] [semantic-release] [@semantic-release/commit-analyzer] â€º â„¹  Analysis of 8 commits complete: patch release
[4:12:57 AM] [semantic-release] â€º âœ”  Completed step "analyzeCommits" of plugin "@semantic-release/commit-analyzer"
[4:12:57 AM] [semantic-release] â€º â„¹  The next release version is 1.1.1
[4:12:57 AM] [semantic-release] â€º â„¹  Start step "generateNotes" of plugin "@semantic-release/release-notes-generator"
[4:12:57 AM] [semantic-release] â€º âœ”  Completed step "generateNotes" of plugin "@semantic-release/release-notes-generator"
[4:12:57 AM] [semantic-release] â€º â„¹  Start step "prepare" of plugin "@semantic-release/changelog"
[4:12:57 AM] [semantic-release] [@semantic-release/changelog] â€º â„¹  Update /home/runner/work/http-plz/http-plz/CHANGELOG.md
[4:12:57 AM] [semantic-release] â€º âœ”  Completed step "prepare" of plugin "@semantic-release/changelog"
[4:12:57 AM] [semantic-release] â€º â„¹  Start step "prepare" of plugin "@semantic-release/npm"
[4:12:57 AM] [semantic-release] [@semantic-release/npm] â€º â„¹  Write version 1.1.1 to package.json in /home/runner/work/http-plz/http-plz
v1.1.1
[4:12:57 AM] [semantic-release] â€º âœ”  Completed step "prepare" of plugin "@semantic-release/npm"
[4:12:57 AM] [semantic-release] â€º â„¹  Start step "prepare" of plugin "@semantic-release/git"
[4:12:57 AM] [semantic-release] [@semantic-release/git] â€º â„¹  Found 2 file(s) to commit
[4:13:02 AM] [semantic-release] â€º âœ˜  Failed step "prepare" of plugin "@semantic-release/git"
[4:13:02 AM] [semantic-release] â€º âœ˜  An error occurred while running semantic-release: Error: Command failed with exit code 1: git push --tags https://github.com/nanotime/http-plz HEAD:main
remote: error: GH006: Protected branch update failed for refs/heads/main.
remote:
remote: - Required status check "build_and_test" is expected.
remote:
remote: - Cannot change this locked branch
To https://github.com/nanotime/http-plz
 ! [remote rejected] HEAD -> main (protected branch hook declined)
error: failed to push some refs to 'https://github.com/nanotime/http-plz'
ðŸ§ª Running tests before push...

> http-plz@1.1.1 test /home/runner/work/http-plz/http-plz
> vitest run --coverage


 RUN  v3.2.4 /home/runner/work/http-plz/http-plz
      Coverage enabled with v8

 âœ“ src/__tests__/request.test.ts (11 tests) 58ms
 âœ“ src/__tests__/middleware.test.ts (10 tests) 84ms
 âœ“ src/__tests__/http.test.ts (19 tests) 37ms
 âœ“ src/__tests__/pathFactory.test.ts (3 tests) 6ms
 âœ“ src/__tests__/processBody.test.ts (8 tests) 40ms
 âœ“ src/__tests__/index.test.ts (4 tests) 9ms
 âœ“ src/__tests__/queryFactory.test.ts (2 tests) 5ms

 Test Files  7 passed (7)
      Tests  57 passed (57)
   Start at  04:13:00
   Duration  1.21s (transform 346ms, setup 0ms, collect 683ms, tests 240ms, environment 2ms, prepare 758ms)

 % Coverage report from v8
------------------|---------|----------|---------|---------|-------------------
File              | % Stmts | % Branch | % Funcs | % Lines | Uncovered Line #s
------------------|---------|----------|---------|---------|-------------------
All files         |   97.68 |    96.22 |   89.47 |   97.68 |
 src              |     100 |      100 |     100 |     100 |
  index.ts        |     100 |      100 |     100 |     100 |
  types.ts        |     100 |      100 |     100 |     100 |
 src/services     |   96.49 |    93.93 |   84.61 |   96.49 |
  http.ts         |     100 |      100 |   77.77 |     100 |
  request.ts      |   92.98 |     90.9 |     100 |   92.98 | 59-60,62-63
 src/utils        |     100 |      100 |     100 |     100 |
  pathFactory.ts  |     100 |      100 |     100 |     100 |
  processBody.ts  |     100 |      100 |     100 |     100 |
  queryFactory.ts |     100 |      100 |     100 |     100 |
------------------|---------|----------|---------|---------|-------------------
    at makeError (/home/runner/work/http-plz/http-plz/node_modules/.pnpm/execa@5.1.1/node_modules/execa/lib/error.js:60:11)
    at handlePromise (/home/runner/work/http-plz/http-plz/node_modules/.pnpm/execa@5.1.1/node_modules/execa/index.js:118:26)
    at process.processTicksAndRejections (node:internal/process/task_queues:95:5)
    at async push (/home/runner/work/http-plz/http-plz/node_modules/.pnpm/@semantic-release+git@10.0.1_semantic-release@24.2.6_typescript@5.8.3_/node_modules/@semantic-release/git/lib/git.js:51:3)
    at async module.exports (/home/runner/work/http-plz/http-plz/node_modules/.pnpm/@semantic-release+git@10.0.1_semantic-release@24.2.6_typescript@5.8.3_/node_modules/@semantic-release/git/lib/prepare.js:69:5)
    at async prepare (/home/runner/work/http-plz/http-plz/node_modules/.pnpm/@semantic-release+git@10.0.1_semantic-release@24.2.6_typescript@5.8.3_/node_modules/@semantic-release/git/index.js:28:3)
    at async validator (file:///home/runner/work/http-plz/http-plz/node_modules/.pnpm/semantic-release@24.2.6_typescript@5.8.3/node_modules/semantic-release/lib/plugins/normalize.js:36:24)
    at async file:///home/runner/work/http-plz/http-plz/node_modules/.pnpm/semantic-release@24.2.6_typescript@5.8.3/node_modules/semantic-release/lib/plugins/pipeline.js:38:36
    at async file:///home/runner/work/http-plz/http-plz/node_modules/.pnpm/semantic-release@24.2.6_typescript@5.8.3/node_modules/semantic-release/lib/plugins/pipeline.js:32:5
    at async pluginsConfigAccumulator.<computed> [as prepare] (file:///home/runner/work/http-plz/http-plz/node_modules/.pnpm/semantic-release@24.2.6_typescript@5.8.3/node_modules/semantic-release/lib/plugins/index.js:87:11) {
  shortMessage: 'Command failed with exit code 1: git push --tags https://github.com/nanotime/http-plz HEAD:main',
  command: 'git push --tags https://github.com/nanotime/http-plz HEAD:main',
  escapedCommand: 'git push --tags "https://github.com/nanotime/http-plz" "HEAD:main"',
  exitCode: 1,
  signal: undefined,
  signalDescription: undefined,
  stdout: 'ðŸ§ª Running tests before push...\n' +
    '\n' +
    '> http-plz@1.1.1 test /home/runner/work/http-plz/http-plz\n' +
    '> vitest run --coverage\n' +
    '\n' +
    '\n' +
    '\x1B[1m\x1B[46m RUN \x1B[49m\x1B[22m \x1B[36mv3.2.4 \x1B[39m\x1B[90m/home/runner/work/http-plz/http-plz\x1B[39m\n' +
    '      \x1B[2mCoverage enabled with \x1B[22m\x1B[33mv8\x1B[39m\n' +
    '\n' +
    ' \x1B[32mâœ“\x1B[39m src/__tests__/request.test.ts \x1B[2m(\x1B[22m\x1B[2m11 tests\x1B[22m\x1B[2m)\x1B[22m\x1B[32m 58\x1B[2mms\x1B[22m\x1B[39m\n' +
    ' \x1B[32mâœ“\x1B[39m src/__tests__/middleware.test.ts \x1B[2m(\x1B[22m\x1B[2m10 tests\x1B[22m\x1B[2m)\x1B[22m\x1B[32m 84\x1B[2mms\x1B[22m\x1B[39m\n' +
    ' \x1B[32mâœ“\x1B[39m src/__tests__/http.test.ts \x1B[2m(\x1B[22m\x1B[2m19 tests\x1B[22m\x1B[2m)\x1B[22m\x1B[32m 37\x1B[2mms\x1B[22m\x1B[39m\n' +
    ' \x1B[32mâœ“\x1B[39m src/__tests__/pathFactory.test.ts \x1B[2m(\x1B[22m\x1B[2m3 tests\x1B[22m\x1B[2m)\x1B[22m\x1B[32m 6\x1B[2mms\x1B[22m\x1B[39m\n' +
    ' \x1B[32mâœ“\x1B[39m src/__tests__/processBody.test.ts \x1B[2m(\x1B[22m\x1B[2m8 tests\x1B[22m\x1B[2m)\x1B[22m\x1B[32m 40\x1B[2mms\x1B[22m\x1B[39m\n' +
    ' \x1B[32mâœ“\x1B[39m src/__tests__/index.test.ts \x1B[2m(\x1B[22m\x1B[2m4 tests\x1B[22m\x1B[2m)\x1B[22m\x1B[32m 9\x1B[2mms\x1B[22m\x1B[39m\n' +
    ' \x1B[32mâœ“\x1B[39m src/__tests__/queryFactory.test.ts \x1B[2m(\x1B[22m\x1B[2m2 tests\x1B[22m\x1B[2m)\x1B[22m\x1B[32m 5\x1B[2mms\x1B[22m\x1B[39m\n' +
    '\n' +
    '\x1B[2m Test Files \x1B[22m \x1B[1m\x1B[32m7 passed\x1B[39m\x1B[22m\x1B[90m (7)\x1B[39m\n' +
    '\x1B[2m      Tests \x1B[22m \x1B[1m\x1B[32m57 passed\x1B[39m\x1B[22m\x1B[90m (57)\x1B[39m\n' +
    '\x1B[2m   Start at \x1B[22m 04:13:00\n' +
    '\x1B[2m   Duration \x1B[22m 1.21s\x1B[2m (transform 346ms, setup 0ms, collect 683ms, tests 240ms, environment 2ms, prepare 758ms)\x1B[22m\n' +
    '\n' +
    '\x1B[34m % \x1B[39m\x1B[2mCoverage report from \x1B[22m\x1B[33mv8\x1B[39m\n' +
    '------------------|---------|----------|---------|---------|-------------------\n' +
    'File              | % Stmts | % Branch | % Funcs | % Lines | Uncovered Line #s \n' +
    '------------------|---------|----------|---------|---------|-------------------\n' +
    'All files         |   97.68 |    96.22 |   89.47 |   97.68 |                   \n' +
    ' src              |     100 |      100 |     100 |     100 |                   \n' +
    '  index.ts        |     100 |      100 |     100 |     100 |                   \n' +
    '  types.ts        |     100 |      100 |     100 |     100 |                   \n' +
    ' src/services     |   96.49 |    93.93 |   84.61 |   96.49 |                   \n' +
    '  http.ts         |     100 |      100 |   77.77 |     100 |                   \n' +
    '  request.ts      |   92.98 |     90.9 |     100 |   92.98 | 59-60,62-63       \n' +
    ' src/utils        |     100 |      100 |     100 |     100 |                   \n' +
    '  pathFactory.ts  |     100 |      100 |     100 |     100 |                   \n' +
    '  processBody.ts  |     100 |      100 |     100 |     100 |                   \n' +
    '  queryFactory.ts |     100 |      100 |     100 |     100 |                   \n' +
    '------------------|---------|----------|---------|---------|-------------------',
  stderr: 'remote: error: GH006: Protected branch update failed for refs/heads/main.        \n' +
    'remote: \n' +
    'remote: - Required status check "build_and_test" is expected.        \n' +
    'remote: \n' +
    'remote: - Cannot change this locked branch        \n' +
    'To https://github.com/nanotime/http-plz\n' +
    ' ! [remote rejected] HEAD -> main (protected branch hook declined)\n' +
    "error: failed to push some refs to 'https://github.com/nanotime/http-plz'",
  failed: true,
  timedOut: false,
  isCanceled: false,
  killed: false,
  pluginName: '@semantic-release/git'
}
Error: Command failed with exit code 1: git push --tags https://github.com/nanotime/http-plz HEAD:main
remote: error: GH006: Protected branch update failed for refs/heads/main.
remote:
remote: - Required status check "build_and_test" is expected.
remote:
remote: - Cannot change this locked branch
To https://github.com/nanotime/http-plz
 ! [remote rejected] HEAD -> main (protected branch hook declined)
error: failed to push some refs to 'https://github.com/nanotime/http-plz'
ðŸ§ª Running tests before push...

> http-plz@1.1.1 test /home/runner/work/http-plz/http-plz
> vitest run --coverage


 RUN  v3.2.4 /home/runner/work/http-plz/http-plz
      Coverage enabled with v8

 âœ“ src/__tests__/request.test.ts (11 tests) 58ms
 âœ“ src/__tests__/middleware.test.ts (10 tests) 84ms
 âœ“ src/__tests__/http.test.ts (19 tests) 37ms
 âœ“ src/__tests__/pathFactory.test.ts (3 tests) 6ms
 âœ“ src/__tests__/processBody.test.ts (8 tests) 40ms
 âœ“ src/__tests__/index.test.ts (4 tests) 9ms
 âœ“ src/__tests__/queryFactory.test.ts (2 tests) 5ms

 Test Files  7 passed (7)
      Tests  57 passed (57)
   Start at  04:13:00
   Duration  1.21s (transform 346ms, setup 0ms, collect 683ms, tests 240ms, environment 2ms, prepare 758ms)

 % Coverage report from v8
------------------|---------|----------|---------|---------|-------------------
File              | % Stmts | % Branch | % Funcs | % Lines | Uncovered Line #s
------------------|---------|----------|---------|---------|-------------------
All files         |   97.68 |    96.22 |   89.47 |   97.68 |
 src              |     100 |      100 |     100 |     100 |
  index.ts        |     100 |      100 |     100 |     100 |
  types.ts        |     100 |      100 |     100 |     100 |
 src/services     |   96.49 |    93.93 |   84.61 |   96.49 |
  http.ts         |     100 |      100 |   77.77 |     100 |
  request.ts      |   92.98 |     90.9 |     100 |   92.98 | 59-60,62-63
 src/utils        |     100 |      100 |     100 |     100 |
  pathFactory.ts  |     100 |      100 |     100 |     100 |
  processBody.ts  |     100 |      100 |     100 |     100 |
  queryFactory.ts |     100 |      100 |     100 |     100 |
------------------|---------|----------|---------|---------|-------------------
    at makeError (/home/runner/work/http-plz/http-plz/node_modules/.pnpm/execa@5.1.1/node_modules/execa/lib/error.js:60:11)
    at handlePromise (/home/runner/work/http-plz/http-plz/node_modules/.pnpm/execa@5.1.1/node_modules/execa/index.js:118:26)
    at process.processTicksAndRejections (node:internal/process/task_queues:95:5)
    at async push (/home/runner/work/http-plz/http-plz/node_modules/.pnpm/@semantic-release+git@10.0.1_semantic-release@24.2.6_typescript@5.8.3_/node_modules/@semantic-release/git/lib/git.js:51:3)
    at async module.exports (/home/runner/work/http-plz/http-plz/node_modules/.pnpm/@semantic-release+git@10.0.1_semantic-release@24.2.6_typescript@5.8.3_/node_modules/@semantic-release/git/lib/prepare.js:69:5)
    at async prepare (/home/runner/work/http-plz/http-plz/node_modules/.pnpm/@semantic-release+git@10.0.1_semantic-release@24.2.6_typescript@5.8.3_/node_modules/@semantic-release/git/index.js:28:3)
    at async validator (file:///home/runner/work/http-plz/http-plz/node_modules/.pnpm/semantic-release@24.2.6_typescript@5.8.3/node_modules/semantic-release/lib/plugins/normalize.js:36:24)
    at async file:///home/runner/work/http-plz/http-plz/node_modules/.pnpm/semantic-release@24.2.6_typescript@5.8.3/node_modules/semantic-release/lib/plugins/pipeline.js:38:36
    at async file:///home/runner/work/http-plz/http-plz/node_modules/.pnpm/semantic-release@24.2.6_typescript@5.8.3/node_modules/semantic-release/lib/plugins/pipeline.js:32:5
    at async pluginsConfigAccumulator.<computed> [as prepare] (file:///home/runner/work/http-plz/http-plz/node_modules/.pnpm/semantic-release@24.2.6_typescript@5.8.3/node_modules/semantic-release/lib/plugins/index.js:87:11) {
  shortMessage: 'Command failed with exit code 1: git push --tags https://github.com/nanotime/http-plz HEAD:main',
  command: 'git push --tags https://github.com/nanotime/http-plz HEAD:main',
  escapedCommand: 'git push --tags "https://github.com/nanotime/http-plz" "HEAD:main"',
  exitCode: 1,
  signal: undefined,
  signalDescription: undefined,
  stdout: 'ðŸ§ª Running tests before push...\n' +
    '\n' +
    '> http-plz@1.1.1 test /home/runner/work/http-plz/http-plz\n' +
    '> vitest run --coverage\n' +
    '\n' +
    '\n' +
    '\x1B[1m\x1B[46m RUN \x1B[49m\x1B[22m \x1B[36mv3.2.4 \x1B[39m\x1B[90m/home/runner/work/http-plz/http-plz\x1B[39m\n' +
    '      \x1B[2mCoverage enabled with \x1B[22m\x1B[33mv8\x1B[39m\n' +
    '\n' +
    ' \x1B[32mâœ“\x1B[39m src/__tests__/request.test.ts \x1B[2m(\x1B[22m\x1B[2m11 tests\x1B[22m\x1B[2m)\x1B[22m\x1B[32m 58\x1B[2mms\x1B[22m\x1B[39m\n' +
    ' \x1B[32mâœ“\x1B[39m src/__tests__/middleware.test.ts \x1B[2m(\x1B[22m\x1B[2m10 tests\x1B[22m\x1B[2m)\x1B[22m\x1B[32m 84\x1B[2mms\x1B[22m\x1B[39m\n' +
    ' \x1B[32mâœ“\x1B[39m src/__tests__/http.test.ts \x1B[2m(\x1B[22m\x1B[2m19 tests\x1B[22m\x1B[2m)\x1B[22m\x1B[32m 37\x1B[2mms\x1B[22m\x1B[39m\n' +
    ' \x1B[32mâœ“\x1B[39m src/__tests__/pathFactory.test.ts \x1B[2m(\x1B[22m\x1B[2m3 tests\x1B[22m\x1B[2m)\x1B[22m\x1B[32m 6\x1B[2mms\x1B[22m\x1B[39m\n' +
    ' \x1B[32mâœ“\x1B[39m src/__tests__/processBody.test.ts \x1B[2m(\x1B[22m\x1B[2m8 tests\x1B[22m\x1B[2m)\x1B[22m\x1B[32m 40\x1B[2mms\x1B[22m\x1B[39m\n' +
    ' \x1B[32mâœ“\x1B[39m src/__tests__/index.test.ts \x1B[2m(\x1B[22m\x1B[2m4 tests\x1B[22m\x1B[2m)\x1B[22m\x1B[32m 9\x1B[2mms\x1B[22m\x1B[39m\n' +
    ' \x1B[32mâœ“\x1B[39m src/__tests__/queryFactory.test.ts \x1B[2m(\x1B[22m\x1B[2m2 tests\x1B[22m\x1B[2m)\x1B[22m\x1B[32m 5\x1B[2mms\x1B[22m\x1B[39m\n' +
    '\n' +
    '\x1B[2m Test Files \x1B[22m \x1B[1m\x1B[32m7 passed\x1B[39m\x1B[22m\x1B[90m (7)\x1B[39m\n' +
    '\x1B[2m      Tests \x1B[22m \x1B[1m\x1B[32m57 passed\x1B[39m\x1B[22m\x1B[90m (57)\x1B[39m\n' +
    '\x1B[2m   Start at \x1B[22m 04:13:00\n' +
    '\x1B[2m   Duration \x1B[22m 1.21s\x1B[2m (transform 346ms, setup 0ms, collect 683ms, tests 240ms, environment 2ms, prepare 758ms)\x1B[22m\n' +
    '\n' +
    '\x1B[34m % \x1B[39m\x1B[2mCoverage report from \x1B[22m\x1B[33mv8\x1B[39m\n' +
    '------------------|---------|----------|---------|---------|-------------------\n' +
    'File              | % Stmts | % Branch | % Funcs | % Lines | Uncovered Line #s \n' +
    '------------------|---------|----------|---------|---------|-------------------\n' +
    'All files         |   97.68 |    96.22 |   89.47 |   97.68 |                   \n' +
    ' src              |     100 |      100 |     100 |     100 |                   \n' +
    '  index.ts        |     100 |      100 |     100 |     100 |                   \n' +
    '  types.ts        |     100 |      100 |     100 |     100 |                   \n' +
    ' src/services     |   96.49 |    93.93 |   84.61 |   96.49 |                   \n' +
    '  http.ts         |     100 |      100 |   77.77 |     100 |                   \n' +
    '  request.ts      |   92.98 |     90.9 |     100 |   92.98 | 59-60,62-63       \n' +
    ' src/utils        |     100 |      100 |     100 |     100 |                   \n' +
    '  pathFactory.ts  |     100 |      100 |     100 |     100 |                   \n' +
    '  processBody.ts  |     100 |      100 |     100 |     100 |                   \n' +
    '  queryFactory.ts |     100 |      100 |     100 |     100 |                   \n' +
    '------------------|---------|----------|---------|---------|-------------------',
  stderr: 'remote: error: GH006: Protected branch update failed for refs/heads/main.        \n' +
    'remote: \n' +
    'remote: - Required status check "build_and_test" is expected.        \n' +
    'remote: \n' +
    'remote: - Cannot change this locked branch        \n' +
    'To https://github.com/nanotime/http-plz\n' +
    ' ! [remote rejected] HEAD -> main (protected branch hook declined)\n' +
    "error: failed to push some refs to 'https://github.com/nanotime/http-plz'",
  failed: true,
  timedOut: false,
  isCanceled: false,
  killed: false,
  pluginName: '@semantic-release/git'
}
Error: Process completed with exit code 1.
